sfml-window-s.lib(VideoModeImpl.obj) : error LNK2019: unresolved external symbol __imp_EnumDisplaySettingsW referenced in function "public: static class sf::VideoMode __cdecl sf::priv::VideoModeImpl::getDesktopMode(void)" (?getDesktopMode@VideoModeImpl@priv@sf@@SA?AVVideoMode@3@XZ)
sfml-window-s.lib(InputImpl.obj) : error LNK2019: unresolved external symbol __imp_GetAsyncKeyState referenced in function "public: static bool __cdecl sf::priv::InputImpl::isKeyPressed(enum sf::Keyboard::Key)" (?isKeyPressed@InputImpl@priv@sf@@SA_NW4Key@Keyboard@3@@Z)
sfml-window-s.lib(InputImpl.obj) : error LNK2019: unresolved external symbol __imp_GetSystemMetrics referenced in function "public: static bool __cdecl sf::priv::InputImpl::isMouseButtonPressed(enum sf::Mouse::Button)" (?isMouseButtonPressed@InputImpl@priv@sf@@SA_NW4Button@Mouse@3@@Z)
sfml-window-s.lib(InputImpl.obj) : error LNK2019: unresolved external symbol __imp_SetCursorPos referenced in function "public: static void __cdecl sf::priv::InputImpl::setMousePosition(class sf::Vector2<int> const &)" (?setMousePosition@InputImpl@priv@sf@@SAXAEBV?$Vector2@H@3@@Z)
sfml-window-s.lib(InputImpl.obj) : error LNK2019: unresolved external symbol __imp_GetCursorPos referenced in function "public: static class sf::Vector2<int> __cdecl sf::priv::InputImpl::getMousePosition(class sf::Window const &)" (?getMousePosition@InputImpl@priv@sf@@SA?AV?$Vector2@H@3@AEBVWindow@3@@Z)
sfml-window-s.lib(InputImpl.obj) : error LNK2019: unresolved external symbol __imp_ClientToScreen referenced in function "public: static void __cdecl sf::priv::InputImpl::setMousePosition(class sf::Vector2<int> const &,class sf::Window const &)" (?setMousePosition@InputImpl@priv@sf@@SAXAEBV?$Vector2@H@3@AEBVWindow@3@@Z)
sfml-window-s.lib(InputImpl.obj) : error LNK2019: unresolved external symbol __imp_ScreenToClient referenced in function "public: static class sf::Vector2<int> __cdecl sf::priv::InputImpl::getMousePosition(class sf::Window const &)" (?getMousePosition@InputImpl@priv@sf@@SA?AV?$Vector2@H@3@AEBVWindow@3@@Z)
sfml-window-s.lib(WindowImplWin32.obj) : error LNK2001: unresolved external symbol __imp_ScreenToClient
sfml-window-s.lib(CursorImpl.obj) : error LNK2019: unresolved external symbol __imp_GetDC referenced in function "public: bool __cdecl sf::priv::CursorImpl::loadFromPixels(unsigned char const *,class sf::Vector2<unsigned int>,class sf::Vector2<unsigned int>)" (?loadFromPixels@CursorImpl@priv@sf@@QEAA_NPEBEV?$Vector2@I@3@1@Z)
sfml-window-s.lib(WglContext.obj) : error LNK2001: unresolved external symbol __imp_GetDC
sfml-window-s.lib(WindowImplWin32.obj) : error LNK2001: unresolved external symbol __imp_GetDC
sfml-window-s.lib(CursorImpl.obj) : error LNK2019: unresolved external symbol __imp_ReleaseDC referenced in function "public: bool __cdecl sf::priv::CursorImpl::loadFromPixels(unsigned char const *,class sf::Vector2<unsigned int>,class sf::Vector2<unsigned int>)" (?loadFromPixels@CursorImpl@priv@sf@@QEAA_NPEBEV?$Vector2@I@3@1@Z)
sfml-window-s.lib(WglContext.obj) : error LNK2001: unresolved external symbol __imp_ReleaseDC
sfml-window-s.lib(WindowImplWin32.obj) : error LNK2001: unresolved external symbol __imp_ReleaseDC
sfml-window-s.lib(CursorImpl.obj) : error LNK2019: unresolved external symbol __imp_LoadCursorW referenced in function "public: bool __cdecl sf::priv::CursorImpl::loadFromSystem(enum sf::Cursor::Type)" (?loadFromSystem@CursorImpl@priv@sf@@QEAA_NW4Type@Cursor@3@@Z)
sfml-window-s.lib(WindowImplWin32.obj) : error LNK2001: unresolved external symbol __imp_LoadCursorW
sfml-window-s.lib(CursorImpl.obj) : error LNK2019: unresolved external symbol __imp_DestroyCursor referenced in function "private: void __cdecl sf::priv::CursorImpl::release(void)" (?release@CursorImpl@priv@sf@@AEAAXXZ)
sfml-window-s.lib(CursorImpl.obj) : error LNK2019: unresolved external symbol __imp_CreateIconIndirect referenced in function "public: bool __cdecl sf::priv::CursorImpl::loadFromPixels(unsigned char const *,class sf::Vector2<unsigned int>,class sf::Vector2<unsigned int>)" (?loadFromPixels@CursorImpl@priv@sf@@QEAA_NPEBEV?$Vector2@I@3@1@Z)
sfml-window-s.lib(CursorImpl.obj) : error LNK2019: unresolved external symbol __imp_CopyIcon referenced in function "public: bool __cdecl sf::priv::CursorImpl::loadFromSystem(enum sf::Cursor::Type)" (?loadFromSystem@CursorImpl@priv@sf@@QEAA_NW4Type@Cursor@3@@Z)
sfml-window-s.lib(WglContext.obj) : error LNK2019: unresolved external symbol __imp_CreateWindowExA referenced in function "private: void __cdecl sf::priv::WglContext::createSurface(class sf::priv::WglContext *,unsigned int,unsigned int,unsigned int)" (?createSurface@WglContext@priv@sf@@AEAAXPEAV123@III@Z)
sfml-window-s.lib(WglContext.obj) : error LNK2019: unresolved external symbol __imp_DestroyWindow referenced in function "public: virtual __cdecl sf::priv::WglContext::~WglContext(void)" (??1WglContext@priv@sf@@UEAA@XZ)
sfml-window-s.lib(WindowImplWin32.obj) : error LNK2001: unresolved external symbol __imp_DestroyWindow
sfml-window-s.lib(WglContext.obj) : error LNK2019: unresolved external symbol __imp_ShowWindow referenced in function "private: void __cdecl sf::priv::WglContext::createSurface(class sf::priv::WglContext *,unsigned int,unsigned int,unsigned int)" (?createSurface@WglContext@priv@sf@@AEAAXPEAV123@III@Z)
sfml-window-s.lib(WindowImplWin32.obj) : error LNK2001: unresolved external symbol __imp_ShowWindow
sfml-window-s.lib(WindowImplWin32.obj) : error LNK2019: unresolved external symbol __imp_TrackMouseEvent referenced in function "private: void __cdecl sf::priv::WindowImplWin32::setTracking(bool)" (?setTracking@WindowImplWin32@priv@sf@@AEAAX_N@Z)
sfml-window-s.lib(WindowImplWin32.obj) : error LNK2019: unresolved external symbol __imp_TranslateMessage referenced in function "protected: virtual void __cdecl sf::priv::WindowImplWin32::processEvents(void)" (?processEvents@WindowImplWin32@priv@sf@@MEAAXXZ)
sfml-window-s.lib(WindowImplWin32.obj) : error LNK2019: unresolved external symbol __imp_DispatchMessageW referenced in function "protected: virtual void __cdecl sf::priv::WindowImplWin32::processEvents(void)" (?processEvents@WindowImplWin32@priv@sf@@MEAAXXZ)
sfml-window-s.lib(WindowImplWin32.obj) : error LNK2019: unresolved external symbol __imp_PeekMessageW referenced in function "protected: virtual void __cdecl sf::priv::WindowImplWin32::processEvents(void)" (?processEvents@WindowImplWin32@priv@sf@@MEAAXXZ)
sfml-window-s.lib(WindowImplWin32.obj) : error LNK2019: unresolved external symbol __imp_SendMessageW referenced in function "public: virtual void __cdecl sf::priv::WindowImplWin32::setIcon(unsigned int,unsigned int,unsigned char const *)" (?setIcon@WindowImplWin32@priv@sf@@UEAAXIIPEBE@Z)
sfml-window-s.lib(WindowImplWin32.obj) : error LNK2019: unresolved external symbol __imp_RegisterDeviceNotificationW referenced in function "public: __cdecl sf::priv::WindowImplWin32::WindowImplWin32(class sf::VideoMode,class sf::String const &,unsigned int,struct sf::ContextSettings const &)" (??0WindowImplWin32@priv@sf@@QEAA@VVideoMode@2@AEBVString@2@IAEBUContextSettings@2@@Z)
sfml-window-s.lib(WindowImplWin32.obj) : error LNK2019: unresolved external symbol __imp_DefWindowProcW referenced in function "private: static __int64 __cdecl sf::priv::WindowImplWin32::globalOnEvent(struct HWND__ *,unsigned int,unsigned __int64,__int64)" (?globalOnEvent@WindowImplWin32@priv@sf@@CA_JPEAUHWND__@@I_K_J@Z)
sfml-window-s.lib(WindowImplWin32.obj) : error LNK2019: unresolved external symbol __imp_CallWindowProcW referenced in function "private: static __int64 __cdecl sf::priv::WindowImplWin32::globalOnEvent(struct HWND__ *,unsigned int,unsigned __int64,__int64)" (?globalOnEvent@WindowImplWin32@priv@sf@@CA_JPEAUHWND__@@I_K_J@Z)
sfml-window-s.lib(WindowImplWin32.obj) : error LNK2019: unresolved external symbol __imp_RegisterClassW referenced in function "private: void __cdecl sf::priv::WindowImplWin32::registerWindowClass(void)" (?registerWindowClass@WindowImplWin32@priv@sf@@AEAAXXZ)
sfml-window-s.lib(WindowImplWin32.obj) : error LNK2019: unresolved external symbol __imp_UnregisterClassW referenced in function "public: virtual __cdecl sf::priv::WindowImplWin32::~WindowImplWin32(void)" (??1WindowImplWin32@priv@sf@@UEAA@XZ)
sfml-window-s.lib(WindowImplWin32.obj) : error LNK2019: unresolved external symbol __imp_CreateWindowExW referenced in function "public: __cdecl sf::priv::WindowImplWin32::WindowImplWin32(class sf::VideoMode,class sf::String const &,unsigned int,struct sf::ContextSettings const &)" (??0WindowImplWin32@priv@sf@@QEAA@VVideoMode@2@AEBVString@2@IAEBUContextSettings@2@@Z)
sfml-window-s.lib(WindowImplWin32.obj) : error LNK2019: unresolved external symbol __imp_FlashWindowEx referenced in function "public: virtual void __cdecl sf::priv::WindowImplWin32::requestFocus(void)" (?requestFocus@WindowImplWin32@priv@sf@@UEAAXXZ)
sfml-window-s.lib(WindowImplWin32.obj) : error LNK2019: unresolved external symbol __imp_SetWindowPos referenced in function "public: virtual void __cdecl sf::priv::WindowImplWin32::setPosition(class sf::Vector2<int> const &)" (?setPosition@WindowImplWin32@priv@sf@@UEAAXAEBV?$Vector2@H@3@@Z)
sfml-window-s.lib(WindowImplWin32.obj) : error LNK2019: unresolved external symbol __imp_GetKeyState referenced in function "private: void __cdecl sf::priv::WindowImplWin32::processEvent(unsigned int,unsigned __int64,__int64)" (?processEvent@WindowImplWin32@priv@sf@@AEAAXI_K_J@Z)
sfml-window-s.lib(WindowImplWin32.obj) : error LNK2019: unresolved external symbol __imp_MapVirtualKeyW referenced in function "private: static enum sf::Keyboard::Key __cdecl sf::priv::WindowImplWin32::virtualKeyCodeToSF(unsigned __int64,__int64)" (?virtualKeyCodeToSF@WindowImplWin32@priv@sf@@CA?AW4Key@Keyboard@3@_K_J@Z)
sfml-window-s.lib(WindowImplWin32.obj) : error LNK2019: unresolved external symbol __imp_GetCapture referenced in function "private: void __cdecl sf::priv::WindowImplWin32::processEvent(unsigned int,unsigned __int64,__int64)" (?processEvent@WindowImplWin32@priv@sf@@AEAAXI_K_J@Z)
sfml-window-s.lib(WindowImplWin32.obj) : error LNK2019: unresolved external symbol __imp_SetCapture referenced in function "private: void __cdecl sf::priv::WindowImplWin32::processEvent(unsigned int,unsigned __int64,__int64)" (?processEvent@WindowImplWin32@priv@sf@@AEAAXI_K_J@Z)
sfml-window-s.lib(WindowImplWin32.obj) : error LNK2019: unresolved external symbol __imp_ReleaseCapture referenced in function "private: void __cdecl sf::priv::WindowImplWin32::cleanup(void)" (?cleanup@WindowImplWin32@priv@sf@@AEAAXXZ)
sfml-window-s.lib(WindowImplWin32.obj) : error LNK2019: unresolved external symbol __imp_GetForegroundWindow referenced in function "public: virtual bool __cdecl sf::priv::WindowImplWin32::hasFocus(void)const " (?hasFocus@WindowImplWin32@priv@sf@@UEBA_NXZ)
sfml-window-s.lib(WindowImplWin32.obj) : error LNK2019: unresolved external symbol __imp_SetForegroundWindow referenced in function "public: virtual void __cdecl sf::priv::WindowImplWin32::requestFocus(void)" (?requestFocus@WindowImplWin32@priv@sf@@UEAAXXZ)
sfml-window-s.lib(WindowImplWin32.obj) : error LNK2019: unresolved external symbol __imp_SetWindowTextW referenced in function "public: virtual void __cdecl sf::priv::WindowImplWin32::setTitle(class sf::String const &)" (?setTitle@WindowImplWin32@priv@sf@@UEAAXAEBVString@3@@Z)
sfml-window-s.lib(WindowImplWin32.obj) : error LNK2019: unresolved external symbol __imp_GetClientRect referenced in function "public: virtual class sf::Vector2<unsigned int> __cdecl sf::priv::WindowImplWin32::getSize(void)const " (?getSize@WindowImplWin32@priv@sf@@UEBA?AV?$Vector2@I@3@XZ)
sfml-window-s.lib(WindowImplWin32.obj) : error LNK2019: unresolved external symbol __imp_GetWindowRect referenced in function "public: virtual class sf::Vector2<int> __cdecl sf::priv::WindowImplWin32::getPosition(void)const " (?getPosition@WindowImplWin32@priv@sf@@UEBA?AV?$Vector2@H@3@XZ)
sfml-window-s.lib(WindowImplWin32.obj) : error LNK2019: unresolved external symbol __imp_AdjustWindowRect referenced in function "public: __cdecl sf::priv::WindowImplWin32::WindowImplWin32(class sf::VideoMode,class sf::String const &,unsigned int,struct sf::ContextSettings const &)" (??0WindowImplWin32@priv@sf@@QEAA@VVideoMode@2@AEBVString@2@IAEBUContextSettings@2@@Z)
sfml-window-s.lib(WindowImplWin32.obj) : error LNK2019: unresolved external symbol __imp_ShowCursor referenced in function "public: virtual void __cdecl sf::priv::WindowImplWin32::setMouseCursorVisible(bool)" (?setMouseCursorVisible@WindowImplWin32@priv@sf@@UEAAX_N@Z)
sfml-window-s.lib(WindowImplWin32.obj) : error LNK2019: unresolved external symbol __imp_SetCursor referenced in function "private: void __cdecl sf::priv::WindowImplWin32::processEvent(unsigned int,unsigned __int64,__int64)" (?processEvent@WindowImplWin32@priv@sf@@AEAAXI_K_J@Z)
sfml-window-s.lib(WindowImplWin32.obj) : error LNK2019: unresolved external symbol __imp_MapWindowPoints referenced in function "private: void __cdecl sf::priv::WindowImplWin32::grabCursor(bool)" (?grabCursor@WindowImplWin32@priv@sf@@AEAAX_N@Z)
sfml-window-s.lib(WindowImplWin32.obj) : error LNK2019: unresolved external symbol __imp_ClipCursor referenced in function "private: void __cdecl sf::priv::WindowImplWin32::grabCursor(bool)" (?grabCursor@WindowImplWin32@priv@sf@@AEAAX_N@Z)
sfml-window-s.lib(WindowImplWin32.obj) : error LNK2019: unresolved external symbol __imp_GetWindowLongW referenced in function "public: virtual void __cdecl sf::priv::WindowImplWin32::setSize(class sf::Vector2<unsigned int> const &)" (?setSize@WindowImplWin32@priv@sf@@UEAAXAEBV?$Vector2@I@3@@Z)
sfml-window-s.lib(WindowImplWin32.obj) : error LNK2019: unresolved external symbol __imp_SetWindowLongW referenced in function "private: void __cdecl sf::priv::WindowImplWin32::switchToFullscreen(class sf::VideoMode const &)" (?switchToFullscreen@WindowImplWin32@priv@sf@@AEAAXAEBVVideoMode@3@@Z)
sfml-window-s.lib(WindowImplWin32.obj) : error LNK2019: unresolved external symbol __imp_GetWindowLongPtrW referenced in function "private: static __int64 __cdecl sf::priv::WindowImplWin32::globalOnEvent(struct HWND__ *,unsigned int,unsigned __int64,__int64)" (?globalOnEvent@WindowImplWin32@priv@sf@@CA_JPEAUHWND__@@I_K_J@Z)
sfml-window-s.lib(WindowImplWin32.obj) : error LNK2019: unresolved external symbol __imp_SetWindowLongPtrW referenced in function "public: __cdecl sf::priv::WindowImplWin32::WindowImplWin32(struct HWND__ *)" (??0WindowImplWin32@priv@sf@@QEAA@PEAUHWND__@@@Z)
sfml-window-s.lib(WindowImplWin32.obj) : error LNK2019: unresolved external symbol __imp_GetWindowThreadProcessId referenced in function "public: virtual void __cdecl sf::priv::WindowImplWin32::requestFocus(void)" (?requestFocus@WindowImplWin32@priv@sf@@UEAAXXZ)
sfml-window-s.lib(WindowImplWin32.obj) : error LNK2019: unresolved external symbol __imp_CreateIcon referenced in function "public: virtual void __cdecl sf::priv::WindowImplWin32::setIcon(unsigned int,unsigned int,unsigned char const *)" (?setIcon@WindowImplWin32@priv@sf@@UEAAXIIPEBE@Z)
sfml-window-s.lib(WindowImplWin32.obj) : error LNK2019: unresolved external symbol __imp_DestroyIcon referenced in function "public: virtual __cdecl sf::priv::WindowImplWin32::~WindowImplWin32(void)" (??1WindowImplWin32@priv@sf@@UEAA@XZ)
sfml-window-s.lib(WindowImplWin32.obj) : error LNK2019: unresolved external symbol __imp_ChangeDisplaySettingsW referenced in function "private: void __cdecl sf::priv::WindowImplWin32::cleanup(void)" (?cleanup@WindowImplWin32@priv@sf@@AEAAXXZ)
sfml-window-s.lib(JoystickImpl.obj) : error LNK2019: unresolved external symbol __imp_RegCloseKey referenced in function "class sf::String __cdecl `anonymous namespace'::getDeviceName(unsigned int,struct tagJOYCAPSW)" (?getDeviceName@?A0x848f4780@@YA?AVString@sf@@IUtagJOYCAPSW@@@Z)
sfml-window-s.lib(JoystickImpl.obj) : error LNK2019: unresolved external symbol __imp_RegOpenKeyExW referenced in function "class sf::String __cdecl `anonymous namespace'::getDeviceName(unsigned int,struct tagJOYCAPSW)" (?getDeviceName@?A0x848f4780@@YA?AVString@sf@@IUtagJOYCAPSW@@@Z)
sfml-window-s.lib(JoystickImpl.obj) : error LNK2019: unresolved external symbol __imp_RegQueryValueExW referenced in function "class sf::String __cdecl `anonymous namespace'::getDeviceName(unsigned int,struct tagJOYCAPSW)" (?getDeviceName@?A0x848f4780@@YA?AVString@sf@@IUtagJOYCAPSW@@@Z)
C:\Users\elire\source\repos\Pegasus\x64\Release\Pegasus .exe : fatal error LNK1120: 55 unresolved externals
