c:\users\elire\source\repos\pegasus\x64\release\pegasus .pch
c:\users\elire\source\repos\pegasus\x64\release\vc143.pdb
c:\users\elire\source\repos\pegasus\x64\release\stdafx.obj
c:\users\elire\source\repos\pegasus\x64\release\inventory.obj
c:\users\elire\source\repos\pegasus\x64\release\game.obj
c:\users\elire\source\repos\pegasus\x64\release\player.obj
c:\users\elire\source\repos\pegasus\x64\release\entity.obj
c:\users\elire\source\repos\pegasus\x64\release\enemysystem.obj
c:\users\elire\source\repos\pegasus\x64\release\enemy.obj
c:\users\elire\source\repos\pegasus\x64\release\blrb.obj
c:\users\elire\source\repos\pegasus\x64\release\blerb.obj
c:\users\elire\source\repos\pegasus\x64\release\skillcomponent.obj
c:\users\elire\source\repos\pegasus\x64\release\movementcomponets.obj
c:\users\elire\source\repos\pegasus\x64\release\hitboxcomponet.obj
c:\users\elire\source\repos\pegasus\x64\release\playerguitabs.obj
c:\users\elire\source\repos\pegasus\x64\release\playergui.obj
c:\users\elire\source\repos\pegasus\x64\release\gui.obj
c:\users\elire\source\repos\pegasus\x64\release\graphicssettings.obj
c:\users\elire\source\repos\pegasus\x64\release\battlegui.obj
c:\users\elire\source\repos\pegasus\x64\release\dialougesystem.obj
c:\users\elire\source\repos\pegasus\x64\release\combatsystem.obj
c:\users\elire\source\repos\pegasus\x64\release\statuscomponet.obj
c:\users\elire\source\repos\pegasus\x64\release\animationcomponet.obj
c:\users\elire\source\repos\pegasus\x64\release\settingsstate.obj
c:\users\elire\source\repos\pegasus\x64\release\pausemenu.obj
c:\users\elire\source\repos\pegasus\x64\release\mainmenustate.obj
c:\users\elire\source\repos\pegasus\x64\release\overworld.obj
c:\users\elire\source\repos\pegasus\x64\release\gamestate.obj
c:\users\elire\source\repos\pegasus\x64\release\battlestate.obj
c:\users\elire\source\repos\pegasus\x64\release\enviornmentalmode.obj
c:\users\elire\source\repos\pegasus\x64\release\enemyeditormode.obj
c:\users\elire\source\repos\pegasus\x64\release\editorstate.obj
c:\users\elire\source\repos\pegasus\x64\release\editormodes.obj
c:\users\elire\source\repos\pegasus\x64\release\defaultmode.obj
c:\users\elire\source\repos\pegasus\x64\release\tilemap.obj
c:\users\elire\source\repos\pegasus\x64\release\main.obj
c:\users\elire\source\repos\pegasus\x64\release\weapon.obj
c:\users\elire\source\repos\pegasus\x64\release\sword.obj
c:\users\elire\source\repos\pegasus\x64\release\coin.obj
c:\users\elire\source\repos\pegasus\x64\release\item.obj
c:\users\elire\source\repos\pegasus\x64\release\potion.obj
c:\users\elire\source\repos\pegasus\x64\release\apple.obj
c:\users\elire\source\repos\pegasus\x64\release\consumable_item.obj
c:\users\elire\source\repos\pegasus\x64\release\tile.obj
c:\users\elire\source\repos\pegasus\x64\release\normaltile.obj
c:\users\elire\source\repos\pegasus\x64\release\lighttile.obj
c:\users\elire\source\repos\pegasus\x64\release\enemyspawner.obj
c:\users\elire\source\repos\pegasus\x64\release\state.obj
c:\users\elire\source\repos\pegasus\x64\release\pegasus .pdb
c:\users\elire\source\repos\pegasus\x64\release\pegasus .tlog\cl.command.1.tlog
c:\users\elire\source\repos\pegasus\x64\release\pegasus .tlog\cl.read.1.tlog
c:\users\elire\source\repos\pegasus\x64\release\pegasus .tlog\cl.write.1.tlog
c:\users\elire\source\repos\pegasus\x64\release\pegasus .tlog\link-cvtres.read.1.tlog
c:\users\elire\source\repos\pegasus\x64\release\pegasus .tlog\link-cvtres.write.1.tlog
c:\users\elire\source\repos\pegasus\x64\release\pegasus .tlog\link-rc.read.1.tlog
c:\users\elire\source\repos\pegasus\x64\release\pegasus .tlog\link-rc.write.1.tlog
c:\users\elire\source\repos\pegasus\x64\release\pegasus .tlog\link.command.1.tlog
c:\users\elire\source\repos\pegasus\x64\release\pegasus .tlog\link.read.1.tlog
c:\users\elire\source\repos\pegasus\x64\release\pegasus .tlog\link.read.2.tlog
c:\users\elire\source\repos\pegasus\x64\release\pegasus .tlog\link.write.1.tlog
