c:\users\elire\source\repos\pegasus\debug\pegasus .pch
c:\users\elire\source\repos\pegasus\debug\vc143.pdb
c:\users\elire\source\repos\pegasus\debug\stdafx.obj
c:\users\elire\source\repos\pegasus\debug\inventory.obj
c:\users\elire\source\repos\pegasus\debug\game.obj
c:\users\elire\source\repos\pegasus\debug\player.obj
c:\users\elire\source\repos\pegasus\debug\entity.obj
c:\users\elire\source\repos\pegasus\debug\enemysystem.obj
c:\users\elire\source\repos\pegasus\debug\enemy.obj
c:\users\elire\source\repos\pegasus\debug\blrb.obj
c:\users\elire\source\repos\pegasus\debug\blerb.obj
c:\users\elire\source\repos\pegasus\debug\skillcomponent.obj
c:\users\elire\source\repos\pegasus\debug\movementcomponets.obj
c:\users\elire\source\repos\pegasus\debug\hitboxcomponet.obj
c:\users\elire\source\repos\pegasus\debug\playerguitabs.obj
c:\users\elire\source\repos\pegasus\debug\playergui.obj
c:\users\elire\source\repos\pegasus\debug\gui.obj
c:\users\elire\source\repos\pegasus\debug\graphicssettings.obj
c:\users\elire\source\repos\pegasus\debug\battlegui.obj
c:\users\elire\source\repos\pegasus\debug\dialougesystem.obj
c:\users\elire\source\repos\pegasus\debug\combatsystem.obj
c:\users\elire\source\repos\pegasus\debug\statuscomponet.obj
c:\users\elire\source\repos\pegasus\debug\animationcomponet.obj
c:\users\elire\source\repos\pegasus\debug\settingsstate.obj
c:\users\elire\source\repos\pegasus\debug\pausemenu.obj
c:\users\elire\source\repos\pegasus\debug\mainmenustate.obj
c:\users\elire\source\repos\pegasus\debug\overworld.obj
c:\users\elire\source\repos\pegasus\debug\gamestate.obj
c:\users\elire\source\repos\pegasus\debug\battlestate.obj
c:\users\elire\source\repos\pegasus\debug\enviornmentalmode.obj
c:\users\elire\source\repos\pegasus\debug\enemyeditormode.obj
c:\users\elire\source\repos\pegasus\debug\editorstate.obj
c:\users\elire\source\repos\pegasus\debug\editormodes.obj
c:\users\elire\source\repos\pegasus\debug\defaultmode.obj
c:\users\elire\source\repos\pegasus\debug\tilemap.obj
c:\users\elire\source\repos\pegasus\debug\main.obj
c:\users\elire\source\repos\pegasus\debug\weapon.obj
c:\users\elire\source\repos\pegasus\debug\sword.obj
c:\users\elire\source\repos\pegasus\debug\coin.obj
c:\users\elire\source\repos\pegasus\debug\item.obj
c:\users\elire\source\repos\pegasus\debug\potion.obj
c:\users\elire\source\repos\pegasus\debug\apple.obj
c:\users\elire\source\repos\pegasus\debug\consumable_item.obj
c:\users\elire\source\repos\pegasus\debug\tile.obj
c:\users\elire\source\repos\pegasus\debug\normaltile.obj
c:\users\elire\source\repos\pegasus\debug\lighttile.obj
c:\users\elire\source\repos\pegasus\debug\enemyspawner.obj
c:\users\elire\source\repos\pegasus\debug\state.obj
c:\users\elire\source\repos\pegasus\debug\pegasus .pdb
c:\users\elire\source\repos\pegasus\debug\pegasus .tlog\cl.command.1.tlog
c:\users\elire\source\repos\pegasus\debug\pegasus .tlog\cl.read.1.tlog
c:\users\elire\source\repos\pegasus\debug\pegasus .tlog\cl.write.1.tlog
c:\users\elire\source\repos\pegasus\debug\pegasus .tlog\link-cvtres.read.1.tlog
c:\users\elire\source\repos\pegasus\debug\pegasus .tlog\link-cvtres.write.1.tlog
c:\users\elire\source\repos\pegasus\debug\pegasus .tlog\link-rc.read.1.tlog
c:\users\elire\source\repos\pegasus\debug\pegasus .tlog\link-rc.write.1.tlog
c:\users\elire\source\repos\pegasus\debug\pegasus .tlog\link.command.1.tlog
c:\users\elire\source\repos\pegasus\debug\pegasus .tlog\link.read.1.tlog
c:\users\elire\source\repos\pegasus\debug\pegasus .tlog\link.write.1.tlog
