c:\users\elire\source\repos\pegasus\x64\debug\pegasus .pch
c:\users\elire\source\repos\pegasus\x64\debug\vc143.pdb
c:\users\elire\source\repos\pegasus\x64\debug\vc143.idb
c:\users\elire\source\repos\pegasus\x64\debug\stdafx.obj
c:\users\elire\source\repos\pegasus\x64\debug\player.obj
c:\users\elire\source\repos\pegasus\x64\debug\entity.obj
c:\users\elire\source\repos\pegasus\x64\debug\enemysystem.obj
c:\users\elire\source\repos\pegasus\x64\debug\enemy.obj
c:\users\elire\source\repos\pegasus\x64\debug\blrb.obj
c:\users\elire\source\repos\pegasus\x64\debug\blerb.obj
c:\users\elire\source\repos\pegasus\x64\debug\skillcomponent.obj
c:\users\elire\source\repos\pegasus\x64\debug\movementcomponets.obj
c:\users\elire\source\repos\pegasus\x64\debug\hitboxcomponet.obj
c:\users\elire\source\repos\pegasus\x64\debug\playerguitabs.obj
c:\users\elire\source\repos\pegasus\x64\debug\gui.obj
c:\users\elire\source\repos\pegasus\x64\debug\graphicssettings.obj
c:\users\elire\source\repos\pegasus\x64\debug\battlegui.obj
c:\users\elire\source\repos\pegasus\x64\debug\dialougesystem.obj
c:\users\elire\source\repos\pegasus\x64\debug\combatsystem.obj
c:\users\elire\source\repos\pegasus\x64\debug\statuscomponet.obj
c:\users\elire\source\repos\pegasus\x64\debug\animationcomponet.obj
c:\users\elire\source\repos\pegasus\x64\debug\mainmenustate.obj
c:\users\elire\source\repos\pegasus\x64\debug\overworld.obj
c:\users\elire\source\repos\pegasus\x64\debug\gamestate.obj
c:\users\elire\source\repos\pegasus\x64\debug\battlestate.obj
c:\users\elire\source\repos\pegasus\x64\debug\enviornmentalmode.obj
c:\users\elire\source\repos\pegasus\x64\debug\enemyeditormode.obj
c:\users\elire\source\repos\pegasus\x64\debug\editorstate.obj
c:\users\elire\source\repos\pegasus\x64\debug\editormodes.obj
c:\users\elire\source\repos\pegasus\x64\debug\defaultmode.obj
c:\users\elire\source\repos\pegasus\x64\debug\tilemap.obj
c:\users\elire\source\repos\pegasus\x64\debug\main.obj
c:\users\elire\source\repos\pegasus\x64\debug\weapon.obj
c:\users\elire\source\repos\pegasus\x64\debug\sword.obj
c:\users\elire\source\repos\pegasus\x64\debug\coin.obj
c:\users\elire\source\repos\pegasus\x64\debug\item.obj
c:\users\elire\source\repos\pegasus\x64\debug\potion.obj
c:\users\elire\source\repos\pegasus\x64\debug\apple.obj
c:\users\elire\source\repos\pegasus\x64\debug\consumable_item.obj
c:\users\elire\source\repos\pegasus\x64\debug\inventory.obj
c:\users\elire\source\repos\pegasus\x64\debug\game.obj
c:\users\elire\source\repos\pegasus\x64\debug\tile.obj
c:\users\elire\source\repos\pegasus\x64\debug\normaltile.obj
c:\users\elire\source\repos\pegasus\x64\debug\lighttile.obj
c:\users\elire\source\repos\pegasus\x64\debug\enemyspawner.obj
c:\users\elire\source\repos\pegasus\x64\debug\state.obj
c:\users\elire\source\repos\pegasus\x64\debug\settingsstate.obj
c:\users\elire\source\repos\pegasus\x64\debug\pausemenu.obj
c:\users\elire\source\repos\pegasus\x64\debug\playergui.obj
c:\users\elire\source\repos\pegasus\x64\debug\tab.obj
c:\users\elire\source\repos\pegasus\x64\debug\charactertab.obj
c:\users\elire\source\repos\pegasus\x64\debug\pegasus .exe
c:\users\elire\source\repos\pegasus\x64\debug\pegasus .ilk
c:\users\elire\source\repos\pegasus\x64\debug\pegasus .pdb
c:\users\elire\source\repos\pegasus\x64\debug\pegasus .tlog\cl.command.1.tlog
c:\users\elire\source\repos\pegasus\x64\debug\pegasus .tlog\cl.read.1.tlog
c:\users\elire\source\repos\pegasus\x64\debug\pegasus .tlog\cl.write.1.tlog
c:\users\elire\source\repos\pegasus\x64\debug\pegasus .tlog\link.command.1.tlog
c:\users\elire\source\repos\pegasus\x64\debug\pegasus .tlog\link.read.1.tlog
c:\users\elire\source\repos\pegasus\x64\debug\pegasus .tlog\link.write.1.tlog
