  animationComponet.cpp
C:\Users\elire\source\repos\Pegasus\engine\componets\animation\animationComponet.cpp(9,10): fatal error C1083: Cannot open precompiled header file: 'Release\Pegasus .pch': No such file or directory
  StatusComponet.cpp
C:\Users\elire\source\repos\Pegasus\engine\componets\attributes\StatusComponet.cpp(8,10): fatal error C1083: Cannot open precompiled header file: 'Release\Pegasus .pch': No such file or directory
  CombatSystem.cpp
C:\Users\elire\source\repos\Pegasus\engine\componets\combat\CombatSystem.cpp(8,10): fatal error C1083: Cannot open precompiled header file: 'Release\Pegasus .pch': No such file or directory
  DialougeSystem.cpp
C:\Users\elire\source\repos\Pegasus\engine\componets\dialouge\DialougeSystem.cpp(8,10): fatal error C1083: Cannot open precompiled header file: 'Release\Pegasus .pch': No such file or directory
  BattleGUI.cpp
C:\Users\elire\source\repos\Pegasus\engine\componets\gui\BattleGUI.cpp(8,10): fatal error C1083: Cannot open precompiled header file: 'Release\Pegasus .pch': No such file or directory
  GraphicsSettings.cpp
C:\Users\elire\source\repos\Pegasus\engine\componets\gui\GraphicsSettings.cpp(8,10): fatal error C1083: Cannot open precompiled header file: 'Release\Pegasus .pch': No such file or directory
  GUI.cpp
C:\Users\elire\source\repos\Pegasus\engine\componets\gui\GUI.cpp(8,10): fatal error C1083: Cannot open precompiled header file: 'Release\Pegasus .pch': No such file or directory
  PlayerGUI.cpp
C:\Users\elire\source\repos\Pegasus\engine\componets\gui\PlayerGUI.cpp(9,10): fatal error C1083: Cannot open precompiled header file: 'Release\Pegasus .pch': No such file or directory
  PlayerGUITabs.cpp
C:\Users\elire\source\repos\Pegasus\engine\componets\gui\PlayerGUITabs.cpp(1,10): fatal error C1083: Cannot open precompiled header file: 'Release\Pegasus .pch': No such file or directory
  HitBoxComponet.cpp
C:\Users\elire\source\repos\Pegasus\engine\componets\hitbox\HitBoxComponet.cpp(8,10): fatal error C1083: Cannot open precompiled header file: 'Release\Pegasus .pch': No such file or directory
  MovementComponets.cpp
C:\Users\elire\source\repos\Pegasus\engine\componets\movement\MovementComponets.cpp(8,10): fatal error C1083: Cannot open precompiled header file: 'Release\Pegasus .pch': No such file or directory
  SkillComponent.cpp
C:\Users\elire\source\repos\Pegasus\engine\componets\skill\SkillComponent.cpp(8,10): fatal error C1083: Cannot open precompiled header file: 'Release\Pegasus .pch': No such file or directory
  Blerb.cpp
C:\Users\elire\source\repos\Pegasus\engine\entities\enemy\blerb\Blerb.cpp(8,10): fatal error C1083: Cannot open precompiled header file: 'Release\Pegasus .pch': No such file or directory
  Blrb.cpp
C:\Users\elire\source\repos\Pegasus\engine\entities\enemy\blrb\Blrb.cpp(8,10): fatal error C1083: Cannot open precompiled header file: 'Release\Pegasus .pch': No such file or directory
  Enemy.cpp
C:\Users\elire\source\repos\Pegasus\engine\entities\enemy\Enemy.cpp(8,10): fatal error C1083: Cannot open precompiled header file: 'Release\Pegasus .pch': No such file or directory
  EnemySystem.cpp
C:\Users\elire\source\repos\Pegasus\engine\entities\enemy\enemysystem\EnemySystem.cpp(8,10): fatal error C1083: Cannot open precompiled header file: 'Release\Pegasus .pch': No such file or directory
  Entity.cpp
C:\Users\elire\source\repos\Pegasus\engine\entities\Entity.cpp(8,10): fatal error C1083: Cannot open precompiled header file: 'Release\Pegasus .pch': No such file or directory
  Player.cpp
C:\Users\elire\source\repos\Pegasus\engine\entities\player\Player.cpp(8,10): fatal error C1083: Cannot open precompiled header file: 'Release\Pegasus .pch': No such file or directory
  Game.cpp
C:\Users\elire\source\repos\Pegasus\engine\Game.cpp(8,10): fatal error C1083: Cannot open precompiled header file: 'Release\Pegasus .pch': No such file or directory
  Inventory.cpp
C:\Users\elire\source\repos\Pegasus\engine\inventory\Inventory.cpp(8,10): fatal error C1083: Cannot open precompiled header file: 'Release\Pegasus .pch': No such file or directory
  Generating Code...
  Compiling...
  Consumable_Item.cpp
C:\Users\elire\source\repos\Pegasus\engine\items\consumables\Consumable_Item.cpp(9,10): fatal error C1083: Cannot open precompiled header file: 'Release\Pegasus .pch': No such file or directory
  Apple.cpp
C:\Users\elire\source\repos\Pegasus\engine\items\consumables\food\Apple.cpp(9,10): fatal error C1083: Cannot open precompiled header file: 'Release\Pegasus .pch': No such file or directory
  Potion.cpp
C:\Users\elire\source\repos\Pegasus\engine\items\consumables\potions\Potion.cpp(9,10): fatal error C1083: Cannot open precompiled header file: 'Release\Pegasus .pch': No such file or directory
  Item.cpp
C:\Users\elire\source\repos\Pegasus\engine\items\Item.cpp(9,10): fatal error C1083: Cannot open precompiled header file: 'Release\Pegasus .pch': No such file or directory
  Coin.cpp
C:\Users\elire\source\repos\Pegasus\engine\items\misc\Coin.cpp(9,10): fatal error C1083: Cannot open precompiled header file: 'Release\Pegasus .pch': No such file or directory
  Sword.cpp
C:\Users\elire\source\repos\Pegasus\engine\items\weapons\sword\Sword.cpp(8,10): fatal error C1083: Cannot open precompiled header file: 'Release\Pegasus .pch': No such file or directory
  Weapon.cpp
C:\Users\elire\source\repos\Pegasus\engine\items\weapons\Weapon.cpp(8,10): fatal error C1083: Cannot open precompiled header file: 'Release\Pegasus .pch': No such file or directory
  main.cpp
C:\Users\elire\source\repos\Pegasus\engine\main.cpp(6,10): fatal error C1083: Cannot open precompiled header file: 'Release\Pegasus .pch': No such file or directory
  TileMap.cpp
C:\Users\elire\source\repos\Pegasus\engine\map\TileMap.cpp(9,10): fatal error C1083: Cannot open precompiled header file: 'Release\Pegasus .pch': No such file or directory
  DefaultMode.cpp
C:\Users\elire\source\repos\Pegasus\engine\states\editor\DefaultMode.cpp(8,10): fatal error C1083: Cannot open precompiled header file: 'Release\Pegasus .pch': No such file or directory
  EditorModes.cpp
C:\Users\elire\source\repos\Pegasus\engine\states\editor\EditorModes.cpp(8,10): fatal error C1083: Cannot open precompiled header file: 'Release\Pegasus .pch': No such file or directory
  EditorState.cpp
C:\Users\elire\source\repos\Pegasus\engine\states\editor\EditorState.cpp(8,10): fatal error C1083: Cannot open precompiled header file: 'Release\Pegasus .pch': No such file or directory
  EnemyEditorMode.cpp
C:\Users\elire\source\repos\Pegasus\engine\states\editor\EnemyEditorMode.cpp(8,10): fatal error C1083: Cannot open precompiled header file: 'Release\Pegasus .pch': No such file or directory
  EnviornmentalMode.cpp
C:\Users\elire\source\repos\Pegasus\engine\states\editor\EnviornmentalMode.cpp(9,10): fatal error C1083: Cannot open precompiled header file: 'Release\Pegasus .pch': No such file or directory
  BattleState.cpp
C:\Users\elire\source\repos\Pegasus\engine\states\gamestate\BattleState.cpp(9,10): fatal error C1083: Cannot open precompiled header file: 'Release\Pegasus .pch': No such file or directory
  GameState.cpp
C:\Users\elire\source\repos\Pegasus\engine\states\gamestate\GameState.cpp(8,10): fatal error C1083: Cannot open precompiled header file: 'Release\Pegasus .pch': No such file or directory
  OverWorld.cpp
C:\Users\elire\source\repos\Pegasus\engine\states\gamestate\OverWorld.cpp(10,10): fatal error C1083: Cannot open precompiled header file: 'Release\Pegasus .pch': No such file or directory
  MainMenuState.cpp
C:\Users\elire\source\repos\Pegasus\engine\states\MainMenuState.cpp(9,10): fatal error C1083: Cannot open precompiled header file: 'Release\Pegasus .pch': No such file or directory
  PauseMenu.cpp
C:\Users\elire\source\repos\Pegasus\engine\states\PauseMenu.cpp(9,10): fatal error C1083: Cannot open precompiled header file: 'Release\Pegasus .pch': No such file or directory
  SettingsState.cpp
C:\Users\elire\source\repos\Pegasus\engine\states\SettingsState.cpp(9,10): fatal error C1083: Cannot open precompiled header file: 'Release\Pegasus .pch': No such file or directory
  Generating Code...
  Compiling...
  State.cpp
C:\Users\elire\source\repos\Pegasus\engine\states\State.cpp(9,10): fatal error C1083: Cannot open precompiled header file: 'Release\Pegasus .pch': No such file or directory
  EnemySpawner.cpp
C:\Users\elire\source\repos\Pegasus\engine\tiles\enemyspawner\EnemySpawner.cpp(8,10): fatal error C1083: Cannot open precompiled header file: 'Release\Pegasus .pch': No such file or directory
  LightTile.cpp
C:\Users\elire\source\repos\Pegasus\engine\tiles\light emitter\LightTile.cpp(9,10): fatal error C1083: Cannot open precompiled header file: 'Release\Pegasus .pch': No such file or directory
  NormalTile.cpp
C:\Users\elire\source\repos\Pegasus\engine\tiles\normal tile\NormalTile.cpp(9,10): fatal error C1083: Cannot open precompiled header file: 'Release\Pegasus .pch': No such file or directory
  Tile.cpp
C:\Users\elire\source\repos\Pegasus\engine\tiles\Tile.cpp(8,10): fatal error C1083: Cannot open precompiled header file: 'Release\Pegasus .pch': No such file or directory
  stdafx.cpp
C:\Users\elire\source\repos\Pegasus\stdafx.cpp(1,10): fatal error C1083: Cannot open precompiled header file: 'Release\Pegasus .pch': No such file or directory
  Generating Code...
